This is pdfTeX, Version 3.1415926-2.4-1.40.13 (MiKTeX 2.9) (preloaded format=pdflatex 2014.1.15)  6 APR 2014 14:37
entering extended mode
**draft.tex
(U:\stat585\STAT585X-Project\draft.tex
LaTeX2e <2011/06/27>
Babel <v3.8m> and hyphenation patterns for english, afrikaans, ancientgreek, ar
abic, armenian, assamese, basque, bengali, bokmal, bulgarian, catalan, coptic, 
croatian, czech, danish, dutch, esperanto, estonian, farsi, finnish, french, ga
lician, german, german-x-2012-05-30, greek, gujarati, hindi, hungarian, iceland
ic, indonesian, interlingua, irish, italian, kannada, kurmanji, latin, latvian,
 lithuanian, malayalam, marathi, mongolian, mongolianlmc, monogreek, ngerman, n
german-x-2012-05-30, nynorsk, oriya, panjabi, pinyin, polish, portuguese, roman
ian, russian, sanskrit, serbian, slovak, slovenian, spanish, swedish, swissgerm
an, tamil, telugu, turkish, turkmen, ukenglish, ukrainian, uppersorbian, usengl
ishmax, welsh, loaded.
("C:\Program Files (x86)\MiKTeX 2.9\tex\latex\base\article.cls"
Document Class: article 2007/10/19 v1.4h Standard LaTeX document class
("C:\Program Files (x86)\MiKTeX 2.9\tex\latex\base\size10.clo"
File: size10.clo 2007/10/19 v1.4h Standard LaTeX file (size option)
)
\c@part=\count79
\c@section=\count80
\c@subsection=\count81
\c@subsubsection=\count82
\c@paragraph=\count83
\c@subparagraph=\count84
\c@figure=\count85
\c@table=\count86
\abovecaptionskip=\skip41
\belowcaptionskip=\skip42
\bibindent=\dimen102
)
("C:\Program Files (x86)\MiKTeX 2.9\tex\latex\graphics\graphicx.sty"
Package: graphicx 1999/02/16 v1.0f Enhanced LaTeX Graphics (DPC,SPQR)

("C:\Program Files (x86)\MiKTeX 2.9\tex\latex\graphics\keyval.sty"
Package: keyval 1999/03/16 v1.13 key=value parser (DPC)
\KV@toks@=\toks14
)
("C:\Program Files (x86)\MiKTeX 2.9\tex\latex\graphics\graphics.sty"
Package: graphics 2009/02/05 v1.0o Standard LaTeX Graphics (DPC,SPQR)

("C:\Program Files (x86)\MiKTeX 2.9\tex\latex\graphics\trig.sty"
Package: trig 1999/03/16 v1.09 sin cos tan (DPC)
)
("C:\Program Files (x86)\MiKTeX 2.9\tex\latex\00miktex\graphics.cfg"
File: graphics.cfg 2007/01/18 v1.5 graphics configuration of teTeX/TeXLive
)
Package graphics Info: Driver file: pdftex.def on input line 91.

("C:\Program Files (x86)\MiKTeX 2.9\tex\latex\pdftex-def\pdftex.def"
File: pdftex.def 2011/05/27 v0.06d Graphics/color for pdfTeX

("C:\Program Files (x86)\MiKTeX 2.9\tex\generic\oberdiek\infwarerr.sty"
Package: infwarerr 2010/04/08 v1.3 Providing info/warning/error messages (HO)
)
("C:\Program Files (x86)\MiKTeX 2.9\tex\generic\oberdiek\ltxcmds.sty"
Package: ltxcmds 2011/11/09 v1.22 LaTeX kernel commands for general use (HO)
)
\Gread@gobject=\count87
))
\Gin@req@height=\dimen103
\Gin@req@width=\dimen104
)
("C:\Program Files (x86)\MiKTeX 2.9\tex\latex\graphics\color.sty"
Package: color 2005/11/14 v1.0j Standard LaTeX Color (DPC)

("C:\Program Files (x86)\MiKTeX 2.9\tex\latex\00miktex\color.cfg"
File: color.cfg 2007/01/18 v1.5 color configuration of teTeX/TeXLive
)
Package color Info: Driver file: pdftex.def on input line 130.
)
("C:\Program Files (x86)\MiKTeX 2.9\tex\latex\framed\framed.sty"
Package: framed 2011/10/22 v 0.96: framed or shaded text with page breaks
\OuterFrameSep=\skip43
\fb@frw=\dimen105
\fb@frh=\dimen106
\FrameRule=\dimen107
\FrameSep=\dimen108
)
("C:\Program Files (x86)\MiKTeX 2.9\tex\latex\base\alltt.sty"
Package: alltt 1997/06/16 v2.0g defines alltt environment
)
("C:\Program Files (x86)\MiKTeX 2.9\tex\latex\psnfss\mathpazo.sty"
Package: mathpazo 2005/04/12 PSNFSS-v9.2a Palatino w/ Pazo Math (D.Puga, WaS) 
\symupright=\mathgroup4
)
("C:\Program Files (x86)\MiKTeX 2.9\tex\latex\base\fontenc.sty"
Package: fontenc 2005/09/27 v1.99g Standard LaTeX package

("C:\Program Files (x86)\MiKTeX 2.9\tex\latex\base\t1enc.def"
File: t1enc.def 2005/09/27 v1.99g Standard LaTeX file
LaTeX Font Info:    Redeclaring font encoding T1 on input line 43.
))
("C:\Program Files (x86)\MiKTeX 2.9\tex\latex\geometry\geometry.sty"
Package: geometry 2010/09/12 v5.6 Page Geometry

("C:\Program Files (x86)\MiKTeX 2.9\tex\generic\oberdiek\ifpdf.sty"
Package: ifpdf 2011/01/30 v2.3 Provides the ifpdf switch (HO)
Package ifpdf Info: pdfTeX in PDF mode is detected.
)
("C:\Program Files (x86)\MiKTeX 2.9\tex\generic\oberdiek\ifvtex.sty"
Package: ifvtex 2010/03/01 v1.5 Detect VTeX and its facilities (HO)
Package ifvtex Info: VTeX not detected.
)
("C:\Program Files (x86)\MiKTeX 2.9\tex\generic\ifxetex\ifxetex.sty"
Package: ifxetex 2010/09/12 v0.6 Provides ifxetex conditional
)
\Gm@cnth=\count88
\Gm@cntv=\count89
\c@Gm@tempcnt=\count90
\Gm@bindingoffset=\dimen109
\Gm@wd@mp=\dimen110
\Gm@odd@mp=\dimen111
\Gm@even@mp=\dimen112
\Gm@layoutwidth=\dimen113
\Gm@layoutheight=\dimen114
\Gm@layouthoffset=\dimen115
\Gm@layoutvoffset=\dimen116
\Gm@dimlist=\toks15

("C:\Program Files (x86)\MiKTeX 2.9\tex\latex\geometry\geometry.cfg"))
("C:\Program Files (x86)\MiKTeX 2.9\tex\latex\ltxmisc\url.sty"
\Urlmuskip=\muskip10
Package: url 2006/04/12  ver 3.3  Verb mode for urls, etc.
)
("C:\Program Files (x86)\MiKTeX 2.9\tex\latex\hyperref\hyperref.sty"
Package: hyperref 2012/11/06 v6.83m Hypertext links for LaTeX

("C:\Program Files (x86)\MiKTeX 2.9\tex\generic\oberdiek\hobsub-hyperref.sty"
Package: hobsub-hyperref 2012/04/25 v1.12 Bundle oberdiek, subset hyperref (HO)


("C:\Program Files (x86)\MiKTeX 2.9\tex\generic\oberdiek\hobsub-generic.sty"
Package: hobsub-generic 2012/04/25 v1.12 Bundle oberdiek, subset generic (HO)
Package: hobsub 2012/04/25 v1.12 Construct package bundles (HO)
Package hobsub Info: Skipping package `infwarerr' (already loaded).
Package hobsub Info: Skipping package `ltxcmds' (already loaded).
Package: ifluatex 2010/03/01 v1.3 Provides the ifluatex switch (HO)
Package ifluatex Info: LuaTeX not detected.
Package hobsub Info: Skipping package `ifvtex' (already loaded).
Package: intcalc 2007/09/27 v1.1 Expandable calculations with integers (HO)
Package hobsub Info: Skipping package `ifpdf' (already loaded).
Package: etexcmds 2011/02/16 v1.5 Avoid name clashes with e-TeX commands (HO)
Package etexcmds Info: Could not find \expanded.
(etexcmds)             That can mean that you are not using pdfTeX 1.50 or
(etexcmds)             that some package has redefined \expanded.
(etexcmds)             In the latter case, load this package earlier.
Package: kvsetkeys 2012/04/25 v1.16 Key value parser (HO)
Package: kvdefinekeys 2011/04/07 v1.3 Define keys (HO)
Package: pdftexcmds 2011/11/29 v0.20 Utility functions of pdfTeX for LuaTeX (HO
)
Package pdftexcmds Info: LuaTeX not detected.
Package pdftexcmds Info: \pdf@primitive is available.
Package pdftexcmds Info: \pdf@ifprimitive is available.
Package pdftexcmds Info: \pdfdraftmode found.
Package: pdfescape 2011/11/25 v1.13 Implements pdfTeX's escape features (HO)
Package: bigintcalc 2012/04/08 v1.3 Expandable calculations on big integers (HO
)
Package: bitset 2011/01/30 v1.1 Handle bit-vector datatype (HO)
Package: uniquecounter 2011/01/30 v1.2 Provide unlimited unique counter (HO)
)
Package hobsub Info: Skipping package `hobsub' (already loaded).
Package: letltxmacro 2010/09/02 v1.4 Let assignment for LaTeX macros (HO)
Package: hopatch 2011/06/24 v1.1 Wrapper for package hooks (HO)
Package: xcolor-patch 2011/01/30 xcolor patch
Package: atveryend 2011/06/30 v1.8 Hooks at the very end of document (HO)
Package atveryend Info: \enddocument detected (standard20110627).
Package: atbegshi 2011/10/05 v1.16 At begin shipout hook (HO)
Package: refcount 2011/10/16 v3.4 Data extraction from label references (HO)
Package: hycolor 2011/01/30 v1.7 Color options for hyperref/bookmark (HO)
)
("C:\Program Files (x86)\MiKTeX 2.9\tex\latex\oberdiek\auxhook.sty"
Package: auxhook 2011/03/04 v1.3 Hooks for auxiliary files (HO)
)
("C:\Program Files (x86)\MiKTeX 2.9\tex\latex\oberdiek\kvoptions.sty"
Package: kvoptions 2011/06/30 v3.11 Key value format for package options (HO)
)
\@linkdim=\dimen117
\Hy@linkcounter=\count91
\Hy@pagecounter=\count92

("C:\Program Files (x86)\MiKTeX 2.9\tex\latex\hyperref\pd1enc.def"
File: pd1enc.def 2012/11/06 v6.83m Hyperref: PDFDocEncoding definition (HO)
)
\Hy@SavedSpaceFactor=\count93

("C:\Program Files (x86)\MiKTeX 2.9\tex\latex\00miktex\hyperref.cfg"
File: hyperref.cfg 2002/06/06 v1.2 hyperref configuration of TeXLive
)
Package hyperref Info: Option `unicode' set `true' on input line 4319.

("C:\Program Files (x86)\MiKTeX 2.9\tex\latex\hyperref\puenc.def"
File: puenc.def 2012/11/06 v6.83m Hyperref: PDF Unicode definition (HO)
)
Package hyperref Info: Option `pdfusetitle' set `true' on input line 4319.
Package hyperref Info: Option `bookmarks' set `true' on input line 4319.
Package hyperref Info: Option `bookmarksnumbered' set `true' on input line 4319
.
Package hyperref Info: Option `bookmarksopen' set `true' on input line 4319.
Package hyperref Info: Option `breaklinks' set `false' on input line 4319.
Package hyperref Info: Option `colorlinks' set `false' on input line 4319.
Package hyperref Info: Hyper figures OFF on input line 4443.
Package hyperref Info: Link nesting OFF on input line 4448.
Package hyperref Info: Hyper index ON on input line 4451.
Package hyperref Info: Plain pages OFF on input line 4458.
Package hyperref Info: Backreferencing OFF on input line 4463.
Package hyperref Info: Implicit mode ON; LaTeX internals redefined.
Package hyperref Info: Bookmarks ON on input line 4688.
\c@Hy@tempcnt=\count94
LaTeX Info: Redefining \url on input line 5041.
\XeTeXLinkMargin=\dimen118
\Fld@menulength=\count95
\Field@Width=\dimen119
\Fld@charsize=\dimen120
Package hyperref Info: Hyper figures OFF on input line 6295.
Package hyperref Info: Link nesting OFF on input line 6300.
Package hyperref Info: Hyper index ON on input line 6303.
Package hyperref Info: backreferencing OFF on input line 6310.
Package hyperref Info: Link coloring OFF on input line 6315.
Package hyperref Info: Link coloring with OCG OFF on input line 6320.
Package hyperref Info: PDF/A mode OFF on input line 6325.
LaTeX Info: Redefining \ref on input line 6365.
LaTeX Info: Redefining \pageref on input line 6369.
\Hy@abspage=\count96
\c@Item=\count97
\c@Hfootnote=\count98
)

Package hyperref Message: Driver (autodetected): hpdftex.

("C:\Program Files (x86)\MiKTeX 2.9\tex\latex\hyperref\hpdftex.def"
File: hpdftex.def 2012/11/06 v6.83m Hyperref driver for pdfTeX
\Fld@listcount=\count99
\c@bookmark@seq@number=\count100

("C:\Program Files (x86)\MiKTeX 2.9\tex\latex\oberdiek\rerunfilecheck.sty"
Package: rerunfilecheck 2011/04/15 v1.7 Rerun checks for auxiliary files (HO)
Package uniquecounter Info: New unique counter `rerunfilecheck' on input line 2
82.
)
\Hy@SectionHShift=\skip44
)
("C:\Program Files (x86)\MiKTeX 2.9\tex\latex\breakurl\breakurl.sty"
Package: breakurl 2013/04/10 v1.40 Breakable hyperref URLs

("C:\Program Files (x86)\MiKTeX 2.9\tex\latex\xkeyval\xkeyval.sty"
Package: xkeyval 2012/10/14 v2.6b package option processing (HA)

("C:\Program Files (x86)\MiKTeX 2.9\tex\generic\xkeyval\xkeyval.tex"
\XKV@toks=\toks16
\XKV@tempa@toks=\toks17
\XKV@depth=\count101
File: xkeyval.tex 2012/10/14 v2.6b key=value parser (HA)
))

Package breakurl Warning: You are using breakurl while processing via pdflatex.

(breakurl)                \burl will be just a synonym of \url.
(breakurl)                 on input line 48.

) ("C:\Program Files (x86)\MiKTeX 2.9\tex\latex\upquote\upquote.sty"
Package: upquote 2012/04/19 v1.3 upright-quote and grave-accent glyphs in verba
tim

("C:\Program Files (x86)\MiKTeX 2.9\tex\latex\base\textcomp.sty"
Package: textcomp 2005/09/27 v1.99g Standard LaTeX package
Package textcomp Info: Sub-encoding information:
(textcomp)               5 = only ISO-Adobe without \textcurrency
(textcomp)               4 = 5 + \texteuro
(textcomp)               3 = 4 + \textohm
(textcomp)               2 = 3 + \textestimated + \textcurrency
(textcomp)               1 = TS1 - \textcircled - \t
(textcomp)               0 = TS1 (full)
(textcomp)             Font families with sub-encoding setting implement
(textcomp)             only a restricted character set as indicated.
(textcomp)             Family '?' is the default used for unknown fonts.
(textcomp)             See the documentation for details.
Package textcomp Info: Setting ? sub-encoding to TS1/1 on input line 71.

("C:\Program Files (x86)\MiKTeX 2.9\tex\latex\base\ts1enc.def"
File: ts1enc.def 2001/06/05 v3.0e (jk/car/fm) Standard LaTeX file
)
LaTeX Info: Redefining \oldstylenums on input line 266.
Package textcomp Info: Setting cmr sub-encoding to TS1/0 on input line 281.
Package textcomp Info: Setting cmss sub-encoding to TS1/0 on input line 282.
Package textcomp Info: Setting cmtt sub-encoding to TS1/0 on input line 283.
Package textcomp Info: Setting cmvtt sub-encoding to TS1/0 on input line 284.
Package textcomp Info: Setting cmbr sub-encoding to TS1/0 on input line 285.
Package textcomp Info: Setting cmtl sub-encoding to TS1/0 on input line 286.
Package textcomp Info: Setting ccr sub-encoding to TS1/0 on input line 287.
Package textcomp Info: Setting ptm sub-encoding to TS1/4 on input line 288.
Package textcomp Info: Setting pcr sub-encoding to TS1/4 on input line 289.
Package textcomp Info: Setting phv sub-encoding to TS1/4 on input line 290.
Package textcomp Info: Setting ppl sub-encoding to TS1/3 on input line 291.
Package textcomp Info: Setting pag sub-encoding to TS1/4 on input line 292.
Package textcomp Info: Setting pbk sub-encoding to TS1/4 on input line 293.
Package textcomp Info: Setting pnc sub-encoding to TS1/4 on input line 294.
Package textcomp Info: Setting pzc sub-encoding to TS1/4 on input line 295.
Package textcomp Info: Setting bch sub-encoding to TS1/4 on input line 296.
Package textcomp Info: Setting put sub-encoding to TS1/5 on input line 297.
Package textcomp Info: Setting uag sub-encoding to TS1/5 on input line 298.
Package textcomp Info: Setting ugq sub-encoding to TS1/5 on input line 299.
Package textcomp Info: Setting ul8 sub-encoding to TS1/4 on input line 300.
Package textcomp Info: Setting ul9 sub-encoding to TS1/4 on input line 301.
Package textcomp Info: Setting augie sub-encoding to TS1/5 on input line 302.
Package textcomp Info: Setting dayrom sub-encoding to TS1/3 on input line 303.
Package textcomp Info: Setting dayroms sub-encoding to TS1/3 on input line 304.

Package textcomp Info: Setting pxr sub-encoding to TS1/0 on input line 305.
Package textcomp Info: Setting pxss sub-encoding to TS1/0 on input line 306.
Package textcomp Info: Setting pxtt sub-encoding to TS1/0 on input line 307.
Package textcomp Info: Setting txr sub-encoding to TS1/0 on input line 308.
Package textcomp Info: Setting txss sub-encoding to TS1/0 on input line 309.
Package textcomp Info: Setting txtt sub-encoding to TS1/0 on input line 310.
Package textcomp Info: Setting lmr sub-encoding to TS1/0 on input line 311.
Package textcomp Info: Setting lmdh sub-encoding to TS1/0 on input line 312.
Package textcomp Info: Setting lmss sub-encoding to TS1/0 on input line 313.
Package textcomp Info: Setting lmssq sub-encoding to TS1/0 on input line 314.
Package textcomp Info: Setting lmvtt sub-encoding to TS1/0 on input line 315.
Package textcomp Info: Setting qhv sub-encoding to TS1/0 on input line 316.
Package textcomp Info: Setting qag sub-encoding to TS1/0 on input line 317.
Package textcomp Info: Setting qbk sub-encoding to TS1/0 on input line 318.
Package textcomp Info: Setting qcr sub-encoding to TS1/0 on input line 319.
Package textcomp Info: Setting qcs sub-encoding to TS1/0 on input line 320.
Package textcomp Info: Setting qpl sub-encoding to TS1/0 on input line 321.
Package textcomp Info: Setting qtm sub-encoding to TS1/0 on input line 322.
Package textcomp Info: Setting qzc sub-encoding to TS1/0 on input line 323.
Package textcomp Info: Setting qhvc sub-encoding to TS1/0 on input line 324.
Package textcomp Info: Setting futs sub-encoding to TS1/4 on input line 325.
Package textcomp Info: Setting futx sub-encoding to TS1/4 on input line 326.
Package textcomp Info: Setting futj sub-encoding to TS1/4 on input line 327.
Package textcomp Info: Setting hlh sub-encoding to TS1/3 on input line 328.
Package textcomp Info: Setting hls sub-encoding to TS1/3 on input line 329.
Package textcomp Info: Setting hlst sub-encoding to TS1/3 on input line 330.
Package textcomp Info: Setting hlct sub-encoding to TS1/5 on input line 331.
Package textcomp Info: Setting hlx sub-encoding to TS1/5 on input line 332.
Package textcomp Info: Setting hlce sub-encoding to TS1/5 on input line 333.
Package textcomp Info: Setting hlcn sub-encoding to TS1/5 on input line 334.
Package textcomp Info: Setting hlcw sub-encoding to TS1/5 on input line 335.
Package textcomp Info: Setting hlcf sub-encoding to TS1/5 on input line 336.
Package textcomp Info: Setting pplx sub-encoding to TS1/3 on input line 337.
Package textcomp Info: Setting pplj sub-encoding to TS1/3 on input line 338.
Package textcomp Info: Setting ptmx sub-encoding to TS1/4 on input line 339.
Package textcomp Info: Setting ptmj sub-encoding to TS1/4 on input line 340.
))
(U:\stat585\STAT585X-Project\draft.aux)
LaTeX Font Info:    Checking defaults for OML/cmm/m/it on input line 66.
LaTeX Font Info:    ... okay on input line 66.
LaTeX Font Info:    Checking defaults for T1/cmr/m/n on input line 66.
LaTeX Font Info:    ... okay on input line 66.
LaTeX Font Info:    Checking defaults for OT1/cmr/m/n on input line 66.
LaTeX Font Info:    ... okay on input line 66.
LaTeX Font Info:    Checking defaults for OMS/cmsy/m/n on input line 66.
LaTeX Font Info:    ... okay on input line 66.
LaTeX Font Info:    Checking defaults for OMX/cmex/m/n on input line 66.
LaTeX Font Info:    ... okay on input line 66.
LaTeX Font Info:    Checking defaults for U/cmr/m/n on input line 66.
LaTeX Font Info:    ... okay on input line 66.
LaTeX Font Info:    Checking defaults for PD1/pdf/m/n on input line 66.
LaTeX Font Info:    ... okay on input line 66.
LaTeX Font Info:    Checking defaults for PU/pdf/m/n on input line 66.
LaTeX Font Info:    ... okay on input line 66.
LaTeX Font Info:    Checking defaults for TS1/cmr/m/n on input line 66.
LaTeX Font Info:    Try loading font information for TS1+cmr on input line 66.

("C:\Program Files (x86)\MiKTeX 2.9\tex\latex\base\ts1cmr.fd"
File: ts1cmr.fd 1999/05/25 v2.5h Standard LaTeX font definitions
)
LaTeX Font Info:    ... okay on input line 66.
LaTeX Font Info:    Try loading font information for T1+pplx on input line 66.

("C:\Program Files (x86)\MiKTeX 2.9\tex\latex\psnfss\t1pplx.fd"
File: t1pplx.fd 2004/09/06 font definitions for T1/pplx.
)
("C:\Program Files (x86)\MiKTeX 2.9\tex\context\base\supp-pdf.mkii"
[Loading MPS to PDF converter (version 2006.09.02).]
\scratchcounter=\count102
\scratchdimen=\dimen121
\scratchbox=\box26
\nofMPsegments=\count103
\nofMParguments=\count104
\everyMPshowfont=\toks18
\MPscratchCnt=\count105
\MPscratchDim=\dimen122
\MPnumerator=\count106
\makeMPintoPDFobject=\count107
\everyMPtoPDFconversion=\toks19
)
\big@size=\dimen123

*geometry* driver: auto-detecting
*geometry* detected driver: pdftex

Package geometry Warning: The marginal notes overrun the paper.
     Add 4.86812pt and more to the right margin.

*geometry* verbose mode - [ preamble ] result:
* driver: pdftex
* paper: <default>
* layout: <same size as paper>
* layoutoffset:(h,v)=(0.0pt,0.0pt)
* modes: 
* h-part:(L,W,R)=(71.13188pt, 472.03123pt, 71.13188pt)
* v-part:(T,H,B)=(71.13188pt, 652.70622pt, 71.13188pt)
* \paperwidth=614.295pt
* \paperheight=794.96999pt
* \textwidth=472.03123pt
* \textheight=652.70622pt
* \oddsidemargin=-1.1381pt
* \evensidemargin=-1.1381pt
* \topmargin=-38.1381pt
* \headheight=12.0pt
* \headsep=25.0pt
* \topskip=10.0pt
* \footskip=30.0pt
* \marginparwidth=65.0pt
* \marginparsep=11.0pt
* \columnsep=10.0pt
* \skip\footins=9.0pt plus 4.0pt minus 2.0pt
* \hoffset=0.0pt
* \voffset=0.0pt
* \mag=1000
* \@twocolumnfalse
* \@twosidefalse
* \@mparswitchfalse
* \@reversemarginfalse
* (1in=72.27pt=25.4mm, 1cm=28.453pt)

\AtBeginShipoutBox=\box27
Package hyperref Info: Link coloring OFF on input line 66.
("C:\Program Files (x86)\MiKTeX 2.9\tex\latex\hyperref\nameref.sty"
Package: nameref 2012/10/27 v2.43 Cross-referencing by name of section

("C:\Program Files (x86)\MiKTeX 2.9\tex\generic\oberdiek\gettitlestring.sty"
Package: gettitlestring 2010/12/03 v1.4 Cleanup title references (HO)
)
\c@section@level=\count108
)
LaTeX Info: Redefining \ref on input line 66.
LaTeX Info: Redefining \pageref on input line 66.
LaTeX Info: Redefining \nameref on input line 66.

(U:\stat585\STAT585X-Project\draft.out) (U:\stat585\STAT585X-Project\draft.out)
\@outlinefile=\write3
LaTeX Font Info:    Try loading font information for OT1+pplx on input line 75.

("C:\Program Files (x86)\MiKTeX 2.9\tex\latex\psnfss\ot1pplx.fd"
File: ot1pplx.fd 2004/09/06 font definitions for OT1/pplx.
)
LaTeX Font Info:    Try loading font information for OML+zplm on input line 75.


("C:\Program Files (x86)\MiKTeX 2.9\tex\latex\psnfss\omlzplm.fd"
File: omlzplm.fd 2002/09/08 Fontinst v1.914 font definitions for OML/zplm.
)
LaTeX Font Info:    Try loading font information for OMS+zplm on input line 75.


("C:\Program Files (x86)\MiKTeX 2.9\tex\latex\psnfss\omszplm.fd"
File: omszplm.fd 2002/09/08 Fontinst v1.914 font definitions for OMS/zplm.
)
LaTeX Font Info:    Try loading font information for OMX+zplm on input line 75.


("C:\Program Files (x86)\MiKTeX 2.9\tex\latex\psnfss\omxzplm.fd"
File: omxzplm.fd 2002/09/08 Fontinst v1.914 font definitions for OMX/zplm.
)
LaTeX Font Info:    Try loading font information for OT1+zplm on input line 75.


("C:\Program Files (x86)\MiKTeX 2.9\tex\latex\psnfss\ot1zplm.fd"
File: ot1zplm.fd 2002/09/08 Fontinst v1.914 font definitions for OT1/zplm.
)
LaTeX Font Info:    Font shape `T1/pplx/bx/n' in size <14.4> not available
(Font)              Font shape `T1/pplx/b/n' tried instead on input line 77.
LaTeX Font Info:    Font shape `T1/pplx/bx/n' in size <12> not available
(Font)              Font shape `T1/pplx/b/n' tried instead on input line 79.

Underfull \hbox (badness 10000) in paragraph at lines 86--87

 []

<HUC2-4-8.jpg, id=39, 1105.88156pt x 525.46312pt>
File: HUC2-4-8.jpg Graphic file (type jpg)
 <use HUC2-4-8.jpg>
Package pdftex.def Info: HUC2-4-8.jpg used on input line 91.
(pdftex.def)             Requested size: 455.23682pt x 227.62048pt.

Underfull \hbox (badness 10000) in paragraph at lines 94--95

 []

[1

{C:/ProgramData/MiKTeX/2.9/pdftex/config/pdftex.map} <U:/stat585/STAT585X-Proje
ct/HUC2-4-8.jpg>]
Underfull \hbox (badness 10000) in paragraph at lines 96--97

 []

LaTeX Font Info:    Try loading font information for TS1+pplx on input line 107
.
("C:\Program Files (x86)\MiKTeX 2.9\tex\latex\psnfss\ts1pplx.fd"
File: ts1pplx.fd 2004/09/06 font definitions for TS1/pplx.
)
Underfull \hbox (badness 10000) in paragraph at lines 107--108

 []

! Missing $ inserted.
<inserted text> 
                $
l.110 ...rch/Cropland/docs/CDL_2013_crosswalk.htm}
                                                  .
I've inserted a begin-math/end-math symbol since I think
you left one out. Proceed, with fingers crossed.

! Missing $ inserted.
<inserted text> 
                $
l.110 ...rch/Cropland/docs/CDL_2013_crosswalk.htm}
                                                  .
I've inserted something that you may have forgotten.
(See the <inserted text> above.)
With luck, this will get me unwedged. But if you
really didn't forget anything, try typing `2' now; then
my insertion and my current dilemma will both disappear.


Underfull \hbox (badness 10000) in paragraph at lines 113--114

 []

! Missing $ inserted.
<inserted text> 
                $
l.118 .../Files/tigerweb_tab10_hydro_poly_ia.html}
                                                  . We are interested in the...
I've inserted a begin-math/end-math symbol since I think
you left one out. Proceed, with fingers crossed.

! Missing $ inserted.
<inserted text> 
                $
l.118 .../Files/tigerweb_tab10_hydro_poly_ia.html}
                                                  . We are interested in the...
I've inserted something that you may have forgotten.
(See the <inserted text> above.)
With luck, this will get me unwedged. But if you
really didn't forget anything, try typing `2' now; then
my insertion and my current dilemma will both disappear.


Underfull \hbox (badness 10000) in paragraph at lines 121--122

 []

! Missing $ inserted.
<inserted text> 
                $
l.123 ...tor.gov/GeoComm/lsis_home/home/index.htm}
                                                   in the form of shapefiles...
I've inserted a begin-math/end-math symbol since I think
you left one out. Proceed, with fingers crossed.

! Missing $ inserted.
<inserted text> 
                $
l.123 ...tor.gov/GeoComm/lsis_home/home/index.htm}
                                                   in the form of shapefiles...
I've inserted something that you may have forgotten.
(See the <inserted text> above.)
With luck, this will get me unwedged. But if you
really didn't forget anything, try typing `2' now; then
my insertion and my current dilemma will both disappear.


Overfull \hbox (55.78531pt too wide) in paragraph at lines 123--124
[]\T1/pplx/m/n/10 The PLSS data can be found on []http://http://www.geocommunic
ator.gov/GeoComm/lsis$[]\OML/zplm/m/it/10 ome\OT1/zplm/m/n/10 /\OML/zplm/m/it/1
0 home\OT1/zplm/m/n/10 /\OML/zplm/m/it/10 index\OT1/pplx/m/n/10 .\OML/zplm/m/it
/10 htm$[]
 []


Underfull \hbox (badness 10000) in paragraph at lines 124--125

 []

! Missing $ inserted.
<inserted text> 
                $
l.126 ...//ftp.igsb.uiowa.edu/gis_library/basins/}
                                                   in the form of shapefiles...
I've inserted a begin-math/end-math symbol since I think
you left one out. Proceed, with fingers crossed.

! Missing $ inserted.
<inserted text> 
                $
l.126 ...//ftp.igsb.uiowa.edu/gis_library/basins/}
                                                   in the form of shapefiles...
I've inserted something that you may have forgotten.
(See the <inserted text> above.)
With luck, this will get me unwedged. But if you
really didn't forget anything, try typing `2' now; then
my insertion and my current dilemma will both disappear.


Underfull \hbox (badness 10000) in paragraph at lines 128--129

 []


Overfull \hbox (27.45847pt too wide) in paragraph at lines 138--139
\T1/pplx/m/n/10 We first down-load the data for years 2003-2007 from the web-si
te []http://nassgeodata.gmu.edu/CropScape/[].
 []


Underfull \hbox (badness 10000) in paragraph at lines 138--139

 []

[2]
Underfull \hbox (badness 10000) in paragraph at lines 140--141

 []

Package color Info: Redefining color shadecolor on input line 143.
LaTeX Font Info:    Try loading font information for T1+cmtt on input line 144.

("C:\Program Files (x86)\MiKTeX 2.9\tex\latex\base\t1cmtt.fd"
File: t1cmtt.fd 1999/05/25 v2.5h Standard LaTeX font definitions
)
LaTeX Font Info:    Font shape `T1/cmtt/bx/n' in size <10> not available
(Font)              Font shape `T1/cmtt/m/n' tried instead on input line 145.

Overfull \hbox (282.54063pt too wide) in paragraph at lines 175--175
[]\T1/cmtt/m/n/10 ## coord. ref. : +proj=aea +lat_1=29.5 +lat_2=45.5 +lat_0=23 
+lon_0=-96 +x_0=0 +y_0=0 +ellps=GRS80 +towgs84=0,0,0,0,0,0,0 +units=m +no_defs[
] 
 []

[3]
Underfull \hbox (badness 10000) in paragraph at lines 185--186

 []


Underfull \hbox (badness 10000) in paragraph at lines 187--188

 []

Package color Info: Redefining color shadecolor on input line 190.

Overfull \hbox (119.83037pt too wide) in paragraph at lines 199--199
[][]\T1/cmtt/m/n/10 xxx[] []<-[] []thinnedSpatialPoly[][]([][]as[][](xx,[] []"S
patialPolygons"[][]),[] []tolerance[] []=[] []0.1[][],[] []minarea[] []=[] []0.
001[][],[] []topologyPreserve[] []= T)[][] 
 []


Overfull \hbox (502.9868pt too wide) in paragraph at lines 216--216
[][]\T1/cmtt/m/n/10 loc.newcoords[] []<-[] []project[][]([][]as.matrix[][](poly
.coords),[] []proj[] []=[] []"+proj=aea +lat_1=29.5 +lat_2=45.5 +lat_0=23 +lon_
0=-96 +x_0=0 +y_0=0 +ellps=GRS80 +towgs84=0,0,0,0,0,0,0 +units=m +no_defs"[][])
[][] 
 []


Overfull \hbox (42.83528pt too wide) in paragraph at lines 218--218
[][]\T1/cmtt/m/it/10 ### convert universal transverse mercador (UTM) coordinate
s to longitude-latitude coordinates[][] 
 []


Overfull \hbox (98.8355pt too wide) in paragraph at lines 219--219
[][]\T1/cmtt/m/n/10 SP[] []<-[] []SpatialPoints[][]([][]cbind[][](poly.coords[,
[] []2[][]], poly.coords[,[] []1[][]]),[] []proj4string[] []=[] []CRS[][]([][]"
+proj=utm +zone=15N"[][]))[][] 
 []


Overfull \hbox (623.70732pt too wide) in paragraph at lines 226--226
[][]\T1/cmtt/m/n/10 loc.newcoords[] []<-[] []project[][]([][]cbind[][](loc.newc
oords[,[] []1[][]], loc.newcoords[,[] []2[][]]),[] []proj[] []=[] []"+proj=aea 
+lat_1=29.5 +lat_2=45.5 +lat_0=23 +lon_0=-96 +x_0=0 +y_0=0 +ellps=GRS80 +towgs8
4=0,0,0,0,0,0,0 +units=m +no_defs"[][])[][] 
 []

[4]
Underfull \hbox (badness 10000) in paragraph at lines 245--246

 []

Package color Info: Redefining color shadecolor on input line 248.

Overfull \hbox (35.85088pt too wide) in paragraph at lines 259--259
[][]\T1/cmtt/m/n/10 xx[] []<-[] []readShapeSpatial[][]([][]"data/IA_AtlasHCB/IA
_Historical_Counties/IA_Historical_Counties.shp"[][])[][] 
 []


Overfull \hbox (119.83037pt too wide) in paragraph at lines 260--260
[][]\T1/cmtt/m/n/10 xxx[] []<-[] []thinnedSpatialPoly[][]([][]as[][](xx,[] []"S
patialPolygons"[][]),[] []tolerance[] []=[] []0.1[][],[] []minarea[] []=[] []0.
001[][],[] []topologyPreserve[] []= T)[][] 
 []


Overfull \hbox (119.83037pt too wide) in paragraph at lines 273--273
[][]\T1/cmtt/m/n/10 xxx[] []<-[] []thinnedSpatialPoly[][]([][]as[][](xx,[] []"S
patialPolygons"[][]),[] []tolerance[] []=[] []0.1[][],[] []minarea[] []=[] []0.
001[][],[] []topologyPreserve[] []= T)[][] 
 []

LaTeX Font Info:    Try loading font information for TS1+cmtt on input line 316
.
("C:\Program Files (x86)\MiKTeX 2.9\tex\latex\base\ts1cmtt.fd"
File: ts1cmtt.fd 1999/05/25 v2.5h Standard LaTeX font definitions
)
Overfull \hbox (20.10472pt too wide) in paragraph at lines 323--323
[]            []\T1/cmtt/m/n/10 poly.coords[][]$[][]order[] []<-[] []c[][](curr
ent.order[][]:[][](current.order[] []+[] []nrow[][](poly.coords)[] []-[] []1[][
]))[][] 
 []


Overfull \hbox (508.23552pt too wide) in paragraph at lines 364--364
[][]\T1/cmtt/m/n/10 loc.newcoords[] []<-[] []project[][]([][]as.matrix[][](poly
.coords2),[] []proj[] []=[] []"+proj=aea +lat_1=29.5 +lat_2=45.5 +lat_0=23 +lon
_0=-96 +x_0=0 +y_0=0 +ellps=GRS80 +towgs84=0,0,0,0,0,0,0 +units=m +no_defs"[][]
)[][] 
 []

[5]
Underfull \vbox (badness 10000) detected at line 371
 []


Underfull \vbox (badness 10000) detected at line 371
 []

[6]
Underfull \hbox (badness 10000) in paragraph at lines 377--379

 []


Underfull \hbox (badness 10000) in paragraph at lines 383--384

 []

Package color Info: Redefining color shadecolor on input line 390.

Overfull \hbox (9.60728pt too wide) in paragraph at lines 396--396
[][]\T1/cmtt/m/n/10 src[] []<-[] []"http://tigerweb.geo.census.gov/tigerwebmain
/Files/tigerweb_acs13_tract_ia.html"[][] 
 []


Overfull \hbox (130.3278pt too wide) in paragraph at lines 433--433
[][]\T1/cmtt/m/n/10 qmap[][]([][]location[] []=[] []"iowa"[][],[] []zoom[] []=[
] []7[][],[] []maptype[] []=[] []"hybrid"[][])[] []+[] []geom_point[][]([][]dat
a[] []= poly.coords.ia,[] []mapping[] []=[] []aes[][]([][]x[] []= y,[][] 
 []


Overfull \hbox (272.0432pt too wide) in paragraph at lines 438--438
[]\T1/cmtt/m/it/10 ## Map from URL : http://maps.googleapis.com/maps/api/static
map?center=iowa&zoom=7&size=%20640x640&scale=%202&maptype=hybrid&sensor=false 
 []


Overfull \hbox (77.84062pt too wide) in paragraph at lines 438--438
\T1/cmtt/m/it/10 ## Information from URL : http://maps.googleapis.com/maps/api/
geocode/json?address=iowa&sensor=false 
 []


Overfull \hbox (35.85088pt too wide) in paragraph at lines 444--444
[][]\T1/cmtt/m/n/10 src[] []<-[] []"http://tigerweb.geo.census.gov/tigerwebmain
/Files/tigerweb_tab10_hydro_poly_ia.html"[][] 
 []


Overfull \hbox (83.08934pt too wide) in paragraph at lines 484--484
[][]\T1/cmtt/m/n/10 qplot[][](y, x,[] []data[] []= poly.coords.ia)[] []+[] []ge
om_point[][]([][]data[] []= poly.coords,[] []aes[][]([][]x[] []= y,[] []y[] []=
 x),[] []color[] []=[] []"red"[][])[][] 
 []


Overfull \hbox (114.58165pt too wide) in paragraph at lines 487--487
[][]\T1/cmtt/m/n/10 qmap[][]([][]location[] []=[] []"iowa"[][],[] []zoom[] []=[
] []7[][],[] []maptype[] []=[] []"hybrid"[][])[] []+[] []geom_point[][]([][]dat
a[] []= poly.coords,[] []mapping[] []=[] []aes[][]([][]x[] []= y,[][] 
 []


Overfull \hbox (272.0432pt too wide) in paragraph at lines 492--492
[]\T1/cmtt/m/it/10 ## Map from URL : http://maps.googleapis.com/maps/api/static
map?center=iowa&zoom=7&size=%20640x640&scale=%202&maptype=hybrid&sensor=false 
 []


Overfull \hbox (77.84062pt too wide) in paragraph at lines 492--492
\T1/cmtt/m/it/10 ## Information from URL : http://maps.googleapis.com/maps/api/
geocode/json?address=iowa&sensor=false 
 []


Overfull \hbox (130.3278pt too wide) in paragraph at lines 493--493
[][]\T1/cmtt/m/n/10 qmap[][]([][]location[] []=[] []"iowa"[][],[] []zoom[] []=[
] []7[][],[] []maptype[] []=[] []"hybrid"[][])[] []+[] []geom_point[][]([][]dat
a[] []= poly.coords.ia,[] []mapping[] []=[] []aes[][]([][]x[] []= y,[][] 
 []


Overfull \hbox (41.0996pt too wide) in paragraph at lines 494--494
[]    []\T1/cmtt/m/n/10 y[] []= x),[] []size[] []=[] []2[][])[] []+[] []geom_po
int[][]([][]data[] []= poly.coords,[] []mapping[] []=[] []aes[][]([][]x[] []= y
,[] []y[] []= x),[] []size[] []=[] []2[][],[][] 
 []


Overfull \hbox (272.0432pt too wide) in paragraph at lines 499--499
[]\T1/cmtt/m/it/10 ## Map from URL : http://maps.googleapis.com/maps/api/static
map?center=iowa&zoom=7&size=%20640x640&scale=%202&maptype=hybrid&sensor=false 
 []


Overfull \hbox (77.84062pt too wide) in paragraph at lines 499--499
\T1/cmtt/m/it/10 ## Information from URL : http://maps.googleapis.com/maps/api/
geocode/json?address=iowa&sensor=false 
 []


Overfull \hbox (109.33293pt too wide) in paragraph at lines 506--506
[][]\T1/cmtt/m/n/10 add.poly.coords[] []<-[] []as.data.frame[][]([][]t[][]([][]
ldply[][]([][]llply[][](poly.coords,[] []function[][]([][]x[][])[] []ldply[][](
x,[] []function[][]([][]y[][])[] []jitter[][]([][]rep[][](y,[][] 
 []


Overfull \hbox (93.58678pt too wide) in paragraph at lines 510--510
[][]\T1/cmtt/m/n/10 qplot[][](y, x,[] []data[] []= poly.coords.ia)[] []+[] []ge
om_point[][]([][]data[] []= poly.coords,[] []aes[][]([][]x[] []= y,[] []y[] []=
 x),[] []color[] []=[] []"red"[][])[] []+[][] 
 []


Overfull \hbox (644.7022pt too wide) in paragraph at lines 514--514
[][]\T1/cmtt/m/n/10 loc.newcoords[] []<-[] []project[][]([][]cbind[][](add.poly
.coords[,[] []2[][]], add.poly.coords[,[] []1[][]]),[] []proj[] []=[] []"+proj=
aea +lat_1=29.5 +lat_2=45.5 +lat_0=23 +lon_0=-96 +x_0=0 +y_0=0 +ellps=GRS80 +to
wgs84=0,0,0,0,0,0,0 +units=m +no_defs"[][])[][] 
 []

[7] [8] <figure/minimal-census1.pdf, id=90, 505.89pt x 505.89pt>
File: figure/minimal-census1.pdf Graphic file (type pdf)

<use figure/minimal-census1.pdf>
Package pdftex.def Info: figure/minimal-census1.pdf used on input line 518.
(pdftex.def)             Requested size: 447.0312pt x 447.03719pt.

<figure/minimal-census2.pdf, id=91, 505.89pt x 505.89pt>
File: figure/minimal-census2.pdf Graphic file (type pdf)

<use figure/minimal-census2.pdf>
Package pdftex.def Info: figure/minimal-census2.pdf used on input line 519.
(pdftex.def)             Requested size: 447.0312pt x 447.03719pt.

<figure/minimal-census3.pdf, id=92, 505.89pt x 505.89pt>
File: figure/minimal-census3.pdf Graphic file (type pdf)

<use figure/minimal-census3.pdf>
Package pdftex.def Info: figure/minimal-census3.pdf used on input line 520.
(pdftex.def)             Requested size: 447.0312pt x 447.03719pt.

<figure/minimal-census4.pdf, id=93, 505.89pt x 505.89pt>
File: figure/minimal-census4.pdf Graphic file (type pdf)

<use figure/minimal-census4.pdf>
Package pdftex.def Info: figure/minimal-census4.pdf used on input line 521.
(pdftex.def)             Requested size: 447.0312pt x 447.03719pt.

<figure/minimal-census5.pdf, id=94, 505.89pt x 505.89pt>
File: figure/minimal-census5.pdf Graphic file (type pdf)

<use figure/minimal-census5.pdf>
Package pdftex.def Info: figure/minimal-census5.pdf used on input line 522.
(pdftex.def)             Requested size: 447.0312pt x 447.03719pt.

<figure/minimal-census6.pdf, id=95, 505.89pt x 505.89pt>
File: figure/minimal-census6.pdf Graphic file (type pdf)

<use figure/minimal-census6.pdf>
Package pdftex.def Info: figure/minimal-census6.pdf used on input line 523.
(pdftex.def)             Requested size: 447.0312pt x 447.03719pt.
 [9] [10 <U:/stat585/STAT585X-Project/figure/minimal-census1.pdf>] [11 <U:/stat
585/STAT585X-Project/figure/minimal-census2.pdf>] [12 <U:/stat585/STAT585X-Proj
ect/figure/minimal-census3.pdf>] [13 <U:/stat585/STAT585X-Project/figure/minima
l-census4.pdf>] [14 <U:/stat585/STAT585X-Project/figure/minimal-census5.pdf>]
Package color Info: Redefining color shadecolor on input line 537.

Overfull \hbox (25.35344pt too wide) in paragraph at lines 554--554
[]\T1/cmtt/m/n/10 ##       1       5      25      28      36      42      44   
   61      63      82      83[] 
 []


Overfull \hbox (25.35344pt too wide) in paragraph at lines 554--554
[]\T1/cmtt/m/n/10 ## 26.6667 30.0000  0.9524  0.4762  4.2857  0.4762  0.4762  5
.7143  9.0476  1.4286  3.3333[] 
 []


Overfull \hbox (25.35344pt too wide) in paragraph at lines 567--567
[]\T1/cmtt/m/n/10 ##       1       5      36      61      63      70      81   
   82      83      88     176[] 
 []


Overfull \hbox (25.35344pt too wide) in paragraph at lines 567--567
[]\T1/cmtt/m/n/10 ## 31.9048 21.9048  1.4286  4.2857 10.0000  0.9524  0.9524  3
.3333  3.8095  1.4286 20.0000[] 
 []


Overfull \hbox (25.35344pt too wide) in paragraph at lines 595--595
[]\T1/cmtt/m/n/10 ##       1       5      28      36      61     111     121   
  124     141     142     143[] 
 []


Overfull \hbox (25.35344pt too wide) in paragraph at lines 595--595
[]\T1/cmtt/m/n/10 ## 30.4762 20.9524  0.9524  0.4762  1.4286  2.3810  3.8095  0
.4762 13.8095  0.4762  0.4762[] 
 []


Overfull \hbox (25.35344pt too wide) in paragraph at lines 610--610
[]\T1/cmtt/m/n/10 ##       1       5      28      36      87     111     121   
  124     141     176     190[] 
 []


Overfull \hbox (25.35344pt too wide) in paragraph at lines 610--610
[]\T1/cmtt/m/n/10 ## 26.1905 17.6190  0.4762  0.4762  0.4762  2.8571  6.1905  0
.4762 16.6667 24.7619  1.9048[] 
 []

[15 <U:/stat585/STAT585X-Project/figure/minimal-census6.pdf>]

! LaTeX Error: \begin{itemize} on input line 105 ended by \end{document}.

See the LaTeX manual or LaTeX Companion for explanation.
Type  H <return>  for immediate help.
 ...                                              
                                                  
l.614 \end{document}
                    
Your command was ignored.
Type  I <command> <return>  to replace it with another command,
or  <return>  to continue without it.

Package atveryend Info: Empty hook `BeforeClearDocument' on input line 614.
[16]
Package atveryend Info: Empty hook `AfterLastShipout' on input line 614.
 (U:\stat585\STAT585X-Project\draft.aux)
Package atveryend Info: Executing hook `AtVeryEndDocument' on input line 614.
Package atveryend Info: Executing hook `AtEndAfterFileList' on input line 614.
Package rerunfilecheck Info: File `draft.out' has not changed.
(rerunfilecheck)             Checksum: 2B107EAC24EE9A4578B7C41C62F1E7B9;1363.
Package atveryend Info: Empty hook `AtVeryVeryEnd' on input line 614.
 )
(\end occurred inside a group at level 1)

### semi simple group (level 1) entered at line 105 (\begingroup)
### bottom level 
Here is how much of TeX's memory you used:
 9811 strings out of 493921
 139875 string characters out of 3144849
 227885 words of memory out of 3000000
 12952 multiletter control sequences out of 15000+200000
 48693 words of font info for 93 fonts, out of 3000000 for 9000
 841 hyphenation exceptions out of 8191
 30i,8n,32p,709b,474s stack positions out of 5000i,500n,10000p,200000b,50000s
 <C:\Users\andreeae\AppData\Local\MiKTeX\2.9\fonts\pk\ljfour\jk
nappen\ec\dpi600\tcit1000.pk> <C:\Users\andreeae\AppData\Local\MiKTeX\2.9\fonts
\pk\ljfour\jknappen\ec\dpi600\ecit1000.pk> <C:\Users\andreeae\AppData\Local\MiK
TeX\2.9\fonts\pk\ljfour\jknappen\ec\dpi600\ectt1000.pk>{C:/Program Files (x86)/
MiKTeX 2.9/fonts/enc/dvips/fontname/8r.enc}<C:/Program Files (x86)/MiKTeX 2.9/f
onts/type1/urw/palatino/uplb8a.pfb><C:/Program Files (x86)/MiKTeX 2.9/fonts/typ
e1/urw/palatino/uplr8a.pfb><C:/Program Files (x86)/MiKTeX 2.9/fonts/type1/urw/p
alatino/uplri8a.pfb>
Output written on draft.pdf (16 pages, 4840627 bytes).
PDF statistics:
 337 PDF objects out of 1000 (max. 8388607)
 27 named destinations out of 1000 (max. 500000)
 108 words of extra memory for PDF output out of 10000 (max. 10000000)

